Analysis & Synthesis report for multicycle
Thu Dec 11 13:40:39 2014
Quartus II 64-Bit Version 13.0.1 Build 232 06/12/2013 Service Pack 1 SJ Web Edition


---------------------
; Table of Contents ;
---------------------
  1. Legal Notice
  2. Analysis & Synthesis Summary
  3. Analysis & Synthesis Settings
  4. Parallel Compilation
  5. Analysis & Synthesis Source Files Read
  6. Analysis & Synthesis Resource Usage Summary
  7. Analysis & Synthesis Resource Utilization by Entity
  8. State Machine - |control_unit|next_state
  9. General Register Statistics
 10. Multiplexer Restructuring Statistics (Restructuring Performed)
 11. Elapsed Time Per Partition
 12. Analysis & Synthesis Messages



----------------
; Legal Notice ;
----------------
Copyright (C) 1991-2013 Altera Corporation
Your use of Altera Corporation's design tools, logic functions 
and other software and tools, and its AMPP partner logic 
functions, and any output files from any of the foregoing 
(including device programming or simulation files), and any 
associated documentation or information are expressly subject 
to the terms and conditions of the Altera Program License 
Subscription Agreement, Altera MegaCore Function License 
Agreement, or other applicable license agreement, including, 
without limitation, that your use is for the sole purpose of 
programming logic devices manufactured by Altera and sold by 
Altera or its authorized distributors.  Please refer to the 
applicable agreement for further details.



+--------------------------------------------------------------------------------------+
; Analysis & Synthesis Summary                                                         ;
+------------------------------------+-------------------------------------------------+
; Analysis & Synthesis Status        ; Successful - Thu Dec 11 13:40:39 2014           ;
; Quartus II 64-Bit Version          ; 13.0.1 Build 232 06/12/2013 SP 1 SJ Web Edition ;
; Revision Name                      ; multicycle                                      ;
; Top-level Entity Name              ; control_unit                                    ;
; Family                             ; Cyclone II                                      ;
; Total logic elements               ; 36                                              ;
;     Total combinational functions  ; 34                                              ;
;     Dedicated logic registers      ; 19                                              ;
; Total registers                    ; 19                                              ;
; Total pins                         ; 120                                             ;
; Total virtual pins                 ; 0                                               ;
; Total memory bits                  ; 0                                               ;
; Embedded Multiplier 9-bit elements ; 0                                               ;
; Total PLLs                         ; 0                                               ;
+------------------------------------+-------------------------------------------------+


+----------------------------------------------------------------------------------------------------------------------+
; Analysis & Synthesis Settings                                                                                        ;
+----------------------------------------------------------------------------+--------------------+--------------------+
; Option                                                                     ; Setting            ; Default Value      ;
+----------------------------------------------------------------------------+--------------------+--------------------+
; Device                                                                     ; EP2C20F484C7       ;                    ;
; Top-level entity name                                                      ; control_unit       ; multicycle         ;
; Family name                                                                ; Cyclone II         ; Cyclone IV GX      ;
; Use smart compilation                                                      ; Off                ; Off                ;
; Enable parallel Assembler and TimeQuest Timing Analyzer during compilation ; On                 ; On                 ;
; Enable compact report table                                                ; Off                ; Off                ;
; Restructure Multiplexers                                                   ; Auto               ; Auto               ;
; Create Debugging Nodes for IP Cores                                        ; Off                ; Off                ;
; Preserve fewer node names                                                  ; On                 ; On                 ;
; Disable OpenCore Plus hardware evaluation                                  ; Off                ; Off                ;
; Verilog Version                                                            ; Verilog_2001       ; Verilog_2001       ;
; VHDL Version                                                               ; VHDL_1993          ; VHDL_1993          ;
; State Machine Processing                                                   ; Auto               ; Auto               ;
; Safe State Machine                                                         ; Off                ; Off                ;
; Extract Verilog State Machines                                             ; On                 ; On                 ;
; Extract VHDL State Machines                                                ; On                 ; On                 ;
; Ignore Verilog initial constructs                                          ; Off                ; Off                ;
; Iteration limit for constant Verilog loops                                 ; 5000               ; 5000               ;
; Iteration limit for non-constant Verilog loops                             ; 250                ; 250                ;
; Add Pass-Through Logic to Inferred RAMs                                    ; On                 ; On                 ;
; Infer RAMs from Raw Logic                                                  ; On                 ; On                 ;
; Parallel Synthesis                                                         ; On                 ; On                 ;
; DSP Block Balancing                                                        ; Auto               ; Auto               ;
; NOT Gate Push-Back                                                         ; On                 ; On                 ;
; Power-Up Don't Care                                                        ; On                 ; On                 ;
; Remove Redundant Logic Cells                                               ; Off                ; Off                ;
; Remove Duplicate Registers                                                 ; On                 ; On                 ;
; Ignore CARRY Buffers                                                       ; Off                ; Off                ;
; Ignore CASCADE Buffers                                                     ; Off                ; Off                ;
; Ignore GLOBAL Buffers                                                      ; Off                ; Off                ;
; Ignore ROW GLOBAL Buffers                                                  ; Off                ; Off                ;
; Ignore LCELL Buffers                                                       ; Off                ; Off                ;
; Ignore SOFT Buffers                                                        ; On                 ; On                 ;
; Limit AHDL Integers to 32 Bits                                             ; Off                ; Off                ;
; Optimization Technique                                                     ; Balanced           ; Balanced           ;
; Carry Chain Length                                                         ; 70                 ; 70                 ;
; Auto Carry Chains                                                          ; On                 ; On                 ;
; Auto Open-Drain Pins                                                       ; On                 ; On                 ;
; Perform WYSIWYG Primitive Resynthesis                                      ; Off                ; Off                ;
; Auto ROM Replacement                                                       ; On                 ; On                 ;
; Auto RAM Replacement                                                       ; On                 ; On                 ;
; Auto Shift Register Replacement                                            ; Auto               ; Auto               ;
; Allow Shift Register Merging across Hierarchies                            ; Auto               ; Auto               ;
; Auto Clock Enable Replacement                                              ; On                 ; On                 ;
; Strict RAM Replacement                                                     ; Off                ; Off                ;
; Allow Synchronous Control Signals                                          ; On                 ; On                 ;
; Force Use of Synchronous Clear Signals                                     ; Off                ; Off                ;
; Auto RAM to Logic Cell Conversion                                          ; Off                ; Off                ;
; Auto Resource Sharing                                                      ; Off                ; Off                ;
; Allow Any RAM Size For Recognition                                         ; Off                ; Off                ;
; Allow Any ROM Size For Recognition                                         ; Off                ; Off                ;
; Allow Any Shift Register Size For Recognition                              ; Off                ; Off                ;
; Use LogicLock Constraints during Resource Balancing                        ; On                 ; On                 ;
; Ignore translate_off and synthesis_off directives                          ; Off                ; Off                ;
; Timing-Driven Synthesis                                                    ; Off                ; Off                ;
; Report Parameter Settings                                                  ; On                 ; On                 ;
; Report Source Assignments                                                  ; On                 ; On                 ;
; Report Connectivity Checks                                                 ; On                 ; On                 ;
; Ignore Maximum Fan-Out Assignments                                         ; Off                ; Off                ;
; Synchronization Register Chain Length                                      ; 2                  ; 2                  ;
; PowerPlay Power Optimization                                               ; Normal compilation ; Normal compilation ;
; HDL message level                                                          ; Level2             ; Level2             ;
; Suppress Register Optimization Related Messages                            ; Off                ; Off                ;
; Number of Removed Registers Reported in Synthesis Report                   ; 5000               ; 5000               ;
; Number of Swept Nodes Reported in Synthesis Report                         ; 5000               ; 5000               ;
; Number of Inverted Registers Reported in Synthesis Report                  ; 100                ; 100                ;
; Clock MUX Protection                                                       ; On                 ; On                 ;
; Auto Gated Clock Conversion                                                ; Off                ; Off                ;
; Block Design Naming                                                        ; Auto               ; Auto               ;
; SDC constraint protection                                                  ; Off                ; Off                ;
; Synthesis Effort                                                           ; Auto               ; Auto               ;
; Shift Register Replacement - Allow Asynchronous Clear Signal               ; On                 ; On                 ;
; Pre-Mapping Resynthesis Optimization                                       ; Off                ; Off                ;
; Analysis & Synthesis Message Level                                         ; Medium             ; Medium             ;
; Disable Register Merging Across Hierarchies                                ; Auto               ; Auto               ;
; Resource Aware Inference For Block RAM                                     ; On                 ; On                 ;
; Synthesis Seed                                                             ; 1                  ; 1                  ;
+----------------------------------------------------------------------------+--------------------+--------------------+


+------------------------------------------+
; Parallel Compilation                     ;
+----------------------------+-------------+
; Processors                 ; Number      ;
+----------------------------+-------------+
; Number detected on machine ; 4           ;
; Maximum allowed            ; 2           ;
;                            ;             ;
; Average used               ; 1.00        ;
; Maximum used               ; 1           ;
;                            ;             ;
; Usage by Processor         ; % Time Used ;
;     Processor 1            ; 100.0%      ;
;     Processors 2-4         ;   0.0%      ;
+----------------------------+-------------+


+------------------------------------------------------------------------------------------------------------------------------------------------------------------------------------------------------------------------------------------------+
; Analysis & Synthesis Source Files Read                                                                                                                                                                                                         ;
+----------------------------------+-----------------+-----------------+---------------------------------------------------------------------------------------------------------------------------------------------------------------+---------+
; File Name with User-Entered Path ; Used in Netlist ; File Type       ; File Name with Absolute Path                                                                                                                                  ; Library ;
+----------------------------------+-----------------+-----------------+---------------------------------------------------------------------------------------------------------------------------------------------------------------+---------+
; control_unit.vhdl                ; yes             ; User VHDL File  ; C:/Users/Ana Lucia/Documents/UFSCar/2014-2/Laboratório Arq 1/Trabalho final/MOUSE-MIPS-multiciplo--fd70fc0f1460250ebf8e3ba49c2e46964242bc30/control_unit.vhdl ;         ;
+----------------------------------+-----------------+-----------------+---------------------------------------------------------------------------------------------------------------------------------------------------------------+---------+


+---------------------------------------------------------------+
; Analysis & Synthesis Resource Usage Summary                   ;
+---------------------------------------------+-----------------+
; Resource                                    ; Usage           ;
+---------------------------------------------+-----------------+
; Estimated Total logic elements              ; 36              ;
;                                             ;                 ;
; Total combinational functions               ; 34              ;
; Logic element usage by number of LUT inputs ;                 ;
;     -- 4 input functions                    ; 20              ;
;     -- 3 input functions                    ; 10              ;
;     -- <=2 input functions                  ; 4               ;
;                                             ;                 ;
; Logic elements by mode                      ;                 ;
;     -- normal mode                          ; 34              ;
;     -- arithmetic mode                      ; 0               ;
;                                             ;                 ;
; Total registers                             ; 19              ;
;     -- Dedicated logic registers            ; 19              ;
;     -- I/O registers                        ; 0               ;
;                                             ;                 ;
; I/O pins                                    ; 120             ;
; Embedded Multiplier 9-bit elements          ; 0               ;
; Maximum fan-out node                        ; instruction[15] ;
; Maximum fan-out                             ; 19              ;
; Total fan-out                               ; 242             ;
; Average fan-out                             ; 1.40            ;
+---------------------------------------------+-----------------+


+-----------------------------------------------------------------------------------------------------------------------------------------------------------------------------+
; Analysis & Synthesis Resource Utilization by Entity                                                                                                                         ;
+----------------------------+-------------------+--------------+-------------+--------------+---------+-----------+------+--------------+---------------------+--------------+
; Compilation Hierarchy Node ; LC Combinationals ; LC Registers ; Memory Bits ; DSP Elements ; DSP 9x9 ; DSP 18x18 ; Pins ; Virtual Pins ; Full Hierarchy Name ; Library Name ;
+----------------------------+-------------------+--------------+-------------+--------------+---------+-----------+------+--------------+---------------------+--------------+
; |control_unit              ; 34 (34)           ; 19 (19)      ; 0           ; 0            ; 0       ; 0         ; 120  ; 0            ; |control_unit       ; work         ;
+----------------------------+-------------------+--------------+-------------+--------------+---------+-----------+------+--------------+---------------------+--------------+
Note: For table entries with two numbers listed, the numbers in parentheses indicate the number of resources of the given type used by the specific entity alone. The numbers listed outside of parentheses indicate the total resources of the given type used by the specific entity and all of its sub-entities in the hierarchy.


Encoding Type:  One-Hot
+----------------------------------------------------------------------------------------------------------------------+
; State Machine - |control_unit|next_state                                                                             ;
+----------------------+----------------------+----------------+----------------+-------------------+------------------+
; Name                 ; next_state.writeback ; next_state.mem ; next_state.alu ; next_state.decode ; next_state.fetch ;
+----------------------+----------------------+----------------+----------------+-------------------+------------------+
; next_state.fetch     ; 0                    ; 0              ; 0              ; 0                 ; 0                ;
; next_state.decode    ; 0                    ; 0              ; 0              ; 1                 ; 1                ;
; next_state.alu       ; 0                    ; 0              ; 1              ; 0                 ; 1                ;
; next_state.mem       ; 0                    ; 1              ; 0              ; 0                 ; 1                ;
; next_state.writeback ; 1                    ; 0              ; 0              ; 0                 ; 1                ;
+----------------------+----------------------+----------------+----------------+-------------------+------------------+


+------------------------------------------------------+
; General Register Statistics                          ;
+----------------------------------------------+-------+
; Statistic                                    ; Value ;
+----------------------------------------------+-------+
; Total registers                              ; 19    ;
; Number of registers using Synchronous Clear  ; 1     ;
; Number of registers using Synchronous Load   ; 0     ;
; Number of registers using Asynchronous Clear ; 0     ;
; Number of registers using Asynchronous Load  ; 0     ;
; Number of registers using Clock Enable       ; 0     ;
; Number of registers using Preset             ; 0     ;
+----------------------------------------------+-------+


+-------------------------------------------------------------------------------------------------------------------------------------------+
; Multiplexer Restructuring Statistics (Restructuring Performed)                                                                            ;
+--------------------+-----------+---------------+----------------------+------------------------+------------+-----------------------------+
; Multiplexer Inputs ; Bus Width ; Baseline Area ; Area if Restructured ; Saving if Restructured ; Registered ; Example Multiplexer Output  ;
+--------------------+-----------+---------------+----------------------+------------------------+------------+-----------------------------+
; 3:1                ; 2 bits    ; 4 LEs         ; 4 LEs                ; 0 LEs                  ; No         ; |control_unit|alu_operation ;
+--------------------+-----------+---------------+----------------------+------------------------+------------+-----------------------------+


+-------------------------------+
; Elapsed Time Per Partition    ;
+----------------+--------------+
; Partition Name ; Elapsed Time ;
+----------------+--------------+
; Top            ; 00:00:00     ;
+----------------+--------------+


+-------------------------------+
; Analysis & Synthesis Messages ;
+-------------------------------+
Info: *******************************************************************
Info: Running Quartus II 64-Bit Analysis & Synthesis
    Info: Version 13.0.1 Build 232 06/12/2013 Service Pack 1 SJ Web Edition
    Info: Processing started: Thu Dec 11 13:40:35 2014
Info: Command: quartus_map --read_settings_files=on --write_settings_files=off multicycle -c multicycle
Info (11104): Parallel Compilation has detected 4 hyper-threaded processors. However, the extra hyper-threaded processors will not be used by default. Parallel Compilation will use 2 of the 2 physical processors detected instead.
Info (12021): Found 2 design units, including 1 entities, in source file sll_x.vhd
    Info (12022): Found design unit 1: sll_x-structural
    Info (12023): Found entity 1: sll_x
Info (12021): Found 2 design units, including 1 entities, in source file vga_pll.vhd
    Info (12022): Found design unit 1: vga_pll-SYN
    Info (12023): Found entity 1: vga_pll
Info (12021): Found 2 design units, including 1 entities, in source file subtractor_x.vhdl
    Info (12022): Found design unit 1: subtractor_x-structural
    Info (12023): Found entity 1: subtractor_x
Info (12021): Found 2 design units, including 1 entities, in source file state_register.vhdl
    Info (12022): Found design unit 1: state_register-behavioral
    Info (12023): Found entity 1: state_register
Info (12021): Found 2 design units, including 1 entities, in source file slt_x.vhdl
    Info (12022): Found design unit 1: slt_x-structural
    Info (12023): Found entity 1: slt_x
Info (12021): Found 2 design units, including 1 entities, in source file register_bank.vhdl
    Info (12022): Found design unit 1: register_bank-behavioral
    Info (12023): Found entity 1: register_bank
Info (12021): Found 2 design units, including 1 entities, in source file program_counter.vhdl
    Info (12022): Found design unit 1: program_counter-behavioral
    Info (12023): Found entity 1: program_counter
Info (12021): Found 2 design units, including 1 entities, in source file processor.vhdl
    Info (12022): Found design unit 1: processor-behavioral
    Info (12023): Found entity 1: processor
Info (12021): Found 2 design units, including 1 entities, in source file or_x.vhdl
    Info (12022): Found design unit 1: or_x-structural
    Info (12023): Found entity 1: or_x
Info (12021): Found 2 design units, including 1 entities, in source file multiplexer.vhdl
    Info (12022): Found design unit 1: multiplexer-structural
    Info (12023): Found entity 1: multiplexer
Info (12021): Found 2 design units, including 1 entities, in source file instructions_memory.vhdl
    Info (12022): Found design unit 1: instructions_memory-behavioral
    Info (12023): Found entity 1: instructions_memory
Info (12021): Found 2 design units, including 1 entities, in source file full_adder_x.vhdl
    Info (12022): Found design unit 1: full_adder_x-structural
    Info (12023): Found entity 1: full_adder_x
Info (12021): Found 2 design units, including 1 entities, in source file data_memory.vhdl
    Info (12022): Found design unit 1: data_memory-behavioral
    Info (12023): Found entity 1: data_memory
Info (12021): Found 2 design units, including 1 entities, in source file and_x.vhdl
    Info (12022): Found design unit 1: and_x-structural
    Info (12023): Found entity 1: and_x
Info (12021): Found 2 design units, including 1 entities, in source file alu_x.vhdl
    Info (12022): Found design unit 1: alu_x-structural
    Info (12023): Found entity 1: alu_x
Info (12021): Found 2 design units, including 1 entities, in source file adder.vhdl
    Info (12022): Found design unit 1: adder-structural
    Info (12023): Found entity 1: adder
Info (12021): Found 2 design units, including 1 entities, in source file de1.vhd
    Info (12022): Found design unit 1: de1-behavior
    Info (12023): Found entity 1: de1
Info (12021): Found 2 design units, including 1 entities, in source file vga_controller.vhd
    Info (12022): Found design unit 1: vga_controller-behavior
    Info (12023): Found entity 1: vga_controller
Info (12021): Found 2 design units, including 1 entities, in source file control_unit.vhdl
    Info (12022): Found design unit 1: control_unit-behavioral
    Info (12023): Found entity 1: control_unit
Info (12021): Found 2 design units, including 1 entities, in source file address_video.vhd
    Info (12022): Found design unit 1: address_video-behavior
    Info (12023): Found entity 1: address_video
Info (12021): Found 2 design units, including 1 entities, in source file dec7seg.vhd
    Info (12022): Found design unit 1: dec7seg-ONLY
    Info (12023): Found entity 1: dec7seg
Info (12021): Found 2 design units, including 1 entities, in source file srl_x.vhd
    Info (12022): Found design unit 1: srl_x-structural
    Info (12023): Found entity 1: srl_x
Info (12127): Elaborating entity "control_unit" for the top level hierarchy
Info (16010): Generating hard_block partition "hard_block:auto_generated_inst"
    Info (16011): Adding 0 node(s), including 0 DDIO, 0 PLL, 0 transceiver and 0 LCELL
Info (21057): Implemented 158 device resources after synthesis - the final resource count might be different
    Info (21058): Implemented 33 input pins
    Info (21059): Implemented 87 output pins
    Info (21061): Implemented 38 logic cells
Info: Quartus II 64-Bit Analysis & Synthesis was successful. 0 errors, 0 warnings
    Info: Peak virtual memory: 495 megabytes
    Info: Processing ended: Thu Dec 11 13:40:39 2014
    Info: Elapsed time: 00:00:04
    Info: Total CPU time (on all processors): 00:00:04


